<?xml version="1.0" encoding="UTF-8"?>
<!-- Generated by org.testng.reporters.JUnitReportReporter -->
<testsuite hostname="PAVAN09FA" failures="0" tests="1" name="testCases.TC_021_RecurringPayment" time="8.386" errors="0" timestamp="2022-06-29T13:04:52 IST" skipped="0">
  <testcase classname="testCases.TC_021_RecurringPayment" name="test_RecurringPayment" time="8.386"/>
  <system-out/>
</testsuite> <!-- testCases.TC_021_RecurringPayment -->
