<?xml version="1.0" encoding="UTF-8"?>
<!-- Generated by org.testng.reporters.JUnitReportReporter -->
<testsuite hostname="PAVAN09FA" failures="0" tests="1" name="testCases.TC_020_Transections" time="8.439" errors="0" timestamp="2022-06-29T13:04:52 IST" skipped="0">
  <testcase classname="testCases.TC_020_Transections" name="test_transections" time="8.439"/>
  <system-out/>
</testsuite> <!-- testCases.TC_020_Transections -->
