<?xml version="1.0" encoding="UTF-8"?>
<!-- Generated by org.testng.reporters.JUnitReportReporter -->
<testsuite skipped="0" hostname="DESKTOP-F7NBUAN" name="testCases.TC_003_LoginDDT" tests="4" failures="0" timestamp="2021-04-05T16:13:53 MST" time="40.859" errors="0">
  <testcase name="test_LoginDDT" time="5.858" classname="testCases.TC_003_LoginDDT"/>
  <system-out/>
  <testcase name="test_LoginDDT" time="11.661" classname="testCases.TC_003_LoginDDT"/>
  <system-out/>
  <testcase name="test_LoginDDT" time="11.672" classname="testCases.TC_003_LoginDDT"/>
  <system-out/>
  <testcase name="test_LoginDDT" time="11.668" classname="testCases.TC_003_LoginDDT"/>
  <system-out/>
</testsuite> <!-- testCases.TC_003_LoginDDT -->
