<?xml version="1.0" encoding="UTF-8"?>
<!-- Generated by org.testng.reporters.JUnitReportReporter -->
<testsuite hostname="PAVAN09FA" failures="0" tests="1" name="testCases.TC_005_Addcart" time="12.896" errors="0" timestamp="2022-06-29T13:45:28 IST" skipped="0">
  <testcase classname="testCases.TC_005_Addcart" name="test_addcart" time="12.896"/>
  <system-out/>
</testsuite> <!-- testCases.TC_005_Addcart -->
