<?xml version="1.0" encoding="UTF-8"?>
<!-- Generated by org.testng.reporters.JUnitReportReporter -->
<testsuite hostname="PAVAN09FA" failures="0" tests="1" name="testCases.TC_012_MyAccount" time="15.555" errors="0" timestamp="2022-06-29T13:04:52 IST" skipped="0">
  <testcase classname="testCases.TC_012_MyAccount" name="test_Myaccount" time="15.555"/>
  <system-out/>
</testsuite> <!-- testCases.TC_012_MyAccount -->
