<?xml version="1.0" encoding="UTF-8"?>
<!-- Generated by org.testng.reporters.JUnitReportReporter -->
<testsuite hostname="PAVAN09FA" failures="0" tests="1" name="testCases.TC_024_ContactUs" time="14.307" errors="0" timestamp="2022-06-29T13:04:52 IST" skipped="0">
  <testcase classname="testCases.TC_024_ContactUs" name="test_contactus" time="14.307"/>
  <system-out/>
</testsuite> <!-- testCases.TC_024_ContactUs -->
