<?xml version="1.0" encoding="UTF-8"?>
<!-- Generated by org.testng.reporters.JUnitReportReporter -->
<testsuite hostname="PAVAN09FA" failures="0" tests="1" name="testCases.TC_022_Newsletter" time="15.105" errors="0" timestamp="2022-06-29T13:47:18 IST" skipped="0">
  <testcase classname="testCases.TC_022_Newsletter" name="test_Newletter" time="15.105"/>
  <system-out/>
</testsuite> <!-- testCases.TC_022_Newsletter -->
